<?xml version="1.0" encoding="UTF-8"?>
<testsuite xmlns:xsi="http://www.w3.org/2001/XMLSchema-instance" xsi:noNamespaceSchemaLocation="https://maven.apache.org/surefire/maven-surefire-plugin/xsd/surefire-test-report.xsd" name="Client.CliConnectTest" time="2.507" tests="2" errors="0" skipped="0" failures="0">
  <properties>
    <property name="sun.desktop" value="windows"/>
    <property name="awt.toolkit" value="sun.awt.windows.WToolkit"/>
    <property name="java.specification.version" value="12"/>
    <property name="sun.cpu.isalist" value="amd64"/>
    <property name="sun.jnu.encoding" value="Cp1252"/>
    <property name="java.class.path" value="C:\Users\hcyla1\IdeaProjects\ChatServerProject\target\test-classes;C:\Users\hcyla1\IdeaProjects\ChatServerProject\target\classes;C:\Users\hcyla1\.m2\repository\org\junit\jupiter\junit-jupiter-engine\5.4.0\junit-jupiter-engine-5.4.0.jar;C:\Users\hcyla1\.m2\repository\org\apiguardian\apiguardian-api\1.0.0\apiguardian-api-1.0.0.jar;C:\Users\hcyla1\.m2\repository\org\junit\platform\junit-platform-engine\1.4.0\junit-platform-engine-1.4.0.jar;C:\Users\hcyla1\.m2\repository\org\junit\jupiter\junit-jupiter-api\5.4.0\junit-jupiter-api-5.4.0.jar;C:\Users\hcyla1\.m2\repository\org\opentest4j\opentest4j\1.1.1\opentest4j-1.1.1.jar;C:\Users\hcyla1\.m2\repository\org\junit\platform\junit-platform-commons\1.4.0\junit-platform-commons-1.4.0.jar;"/>
    <property name="java.vm.vendor" value="Oracle Corporation"/>
    <property name="sun.arch.data.model" value="64"/>
    <property name="user.variant" value=""/>
    <property name="java.vendor.url" value="https://java.oracle.com/"/>
    <property name="user.timezone" value="Asia/Kuala_Lumpur"/>
    <property name="os.name" value="Windows 10"/>
    <property name="java.vm.specification.version" value="12"/>
    <property name="sun.java.launcher" value="SUN_STANDARD"/>
    <property name="user.country" value="MY"/>
    <property name="sun.boot.library.path" value="C:\Program Files\Java\jdk-12.0.2\bin"/>
    <property name="sun.java.command" value="C:\Users\hcyla1\AppData\Local\Temp\surefire1106611008023966475\surefirebooter4068842975614006152.jar C:\Users\hcyla1\AppData\Local\Temp\surefire1106611008023966475 2019-12-22T21-22-10_349-jvmRun1 surefire16165059462313146792tmp surefire_014051175417979783786tmp"/>
    <property name="jdk.debug" value="release"/>
    <property name="surefire.test.class.path" value="C:\Users\hcyla1\IdeaProjects\ChatServerProject\target\test-classes;C:\Users\hcyla1\IdeaProjects\ChatServerProject\target\classes;C:\Users\hcyla1\.m2\repository\org\junit\jupiter\junit-jupiter-engine\5.4.0\junit-jupiter-engine-5.4.0.jar;C:\Users\hcyla1\.m2\repository\org\apiguardian\apiguardian-api\1.0.0\apiguardian-api-1.0.0.jar;C:\Users\hcyla1\.m2\repository\org\junit\platform\junit-platform-engine\1.4.0\junit-platform-engine-1.4.0.jar;C:\Users\hcyla1\.m2\repository\org\junit\jupiter\junit-jupiter-api\5.4.0\junit-jupiter-api-5.4.0.jar;C:\Users\hcyla1\.m2\repository\org\opentest4j\opentest4j\1.1.1\opentest4j-1.1.1.jar;C:\Users\hcyla1\.m2\repository\org\junit\platform\junit-platform-commons\1.4.0\junit-platform-commons-1.4.0.jar;"/>
    <property name="sun.cpu.endian" value="little"/>
    <property name="user.home" value="C:\Users\hcyla1"/>
    <property name="user.language" value="en"/>
    <property name="java.specification.vendor" value="Oracle Corporation"/>
    <property name="java.version.date" value="2019-07-16"/>
    <property name="java.home" value="C:\Program Files\Java\jdk-12.0.2"/>
    <property name="file.separator" value="\"/>
    <property name="basedir" value="C:\Users\hcyla1\IdeaProjects\ChatServerProject"/>
    <property name="java.vm.compressedOopsMode" value="32-bit"/>
    <property name="line.separator" value="&#10;"/>
    <property name="java.vm.specification.vendor" value="Oracle Corporation"/>
    <property name="java.specification.name" value="Java Platform API Specification"/>
    <property name="java.awt.graphicsenv" value="sun.awt.Win32GraphicsEnvironment"/>
    <property name="surefire.real.class.path" value="C:\Users\hcyla1\AppData\Local\Temp\surefire1106611008023966475\surefirebooter4068842975614006152.jar"/>
    <property name="user.script" value=""/>
    <property name="sun.management.compiler" value="HotSpot 64-Bit Tiered Compilers"/>
    <property name="java.runtime.version" value="12.0.2+10"/>
    <property name="user.name" value="hcyla1"/>
    <property name="path.separator" value=";"/>
    <property name="os.version" value="10.0"/>
    <property name="java.runtime.name" value="Java(TM) SE Runtime Environment"/>
    <property name="file.encoding" value="Cp1252"/>
    <property name="java.vm.name" value="Java HotSpot(TM) 64-Bit Server VM"/>
    <property name="localRepository" value="C:\Users\hcyla1\.m2\repository"/>
    <property name="java.vendor.url.bug" value="https://bugreport.java.com/bugreport/"/>
    <property name="java.io.tmpdir" value="C:\Users\hcyla1\AppData\Local\Temp\"/>
    <property name="java.version" value="12.0.2"/>
    <property name="user.dir" value="C:\Users\hcyla1\IdeaProjects\ChatServerProject"/>
    <property name="os.arch" value="amd64"/>
    <property name="java.vm.specification.name" value="Java Virtual Machine Specification"/>
    <property name="sun.os.patch.level" value=""/>
    <property name="java.library.path" value="C:\Program Files\Java\jdk-12.0.2\bin;C:\Windows\Sun\Java\bin;C:\Windows\system32;C:\Windows;C:\Program Files\Haskell\bin;C:\Program Files\Haskell Platform\8.6.5\lib\extralibs\bin;C:\Program Files\Haskell Platform\8.6.5\bin;C:\Program Files (x86)\PerkinElmerInformatics\ChemOffice2016\ChemScript\Lib;C:\Program Files (x86)\NVIDIA Corporation\PhysX\Common;C:\Program Files (x86)\Common Files\Oracle\Java\javapath;C:\Windows\system32;C:\Windows;C:\Windows\System32\Wbem;C:\Windows\System32\WindowsPowerShell\v1.0\;C:\Windows\System32\OpenSSH\;C:\Program Files\Microsoft\Web Platform Installer\;C:\Program Files (x86)\Microsoft ASP.NET\ASP.NET Web Pages\v1.0\;C:\Program Files (x86)\Windows Kits\8.0\Windows Performance Toolkit\;C:\Program Files\Microsoft SQL Server\110\Tools\Binn\;C:\Program Files\PuTTY\;C:\Program Files\Hexagon\ERDAS IMAGINE 2016\;C:\Program Files (x86)\Common Files\AspenTech Shared\;C:\Program Files (x86)\PsychoPy3;C:\Program Files (x86)\PsychoPy3\DLLs;C:\Program Files\MATLAB\R2019a\runtime\win64;C:\Program Files\MATLAB\R2019a\bin;C:\Program Files (x86)\Windows Kits\8.1\Windows Performance Toolkit\;C:\Program Files (x86)\Microsoft Application Virtualization Client;C:\Program Files\BIOVIA\BIOVIA Draw 2019\;C:\Program Files\Haskell Platform\8.6.5\mingw\bin;C:\Program Files\Microsoft SQL Server\120\Tools\Binn\;C:\Program Files\Java\jdk-12.0.2\bin;C:\Program Files\apache-maven-3.6.3\bin;C:\Users\hcyla1\AppData\Local\Microsoft\WindowsApps;;."/>
    <property name="java.vm.info" value="mixed mode, sharing"/>
    <property name="java.vendor" value="Oracle Corporation"/>
    <property name="java.vm.version" value="12.0.2+10"/>
    <property name="sun.io.unicode.encoding" value="UnicodeLittle"/>
    <property name="java.class.version" value="56.0"/>
  </properties>
  <testcase name="connectClient" classname="Client.CliConnectTest" time="0.451"/>
  <testcase name="wrongPortClient" classname="Client.CliConnectTest" time="2.02"/>
</testsuite>